<?xml version="1.0" encoding="UTF-8"?>
<testsuite name="part1" tests="1" skipped="0" failures="0" errors="0" timestamp="2022-08-29T04:49:56" hostname="INKA" time="0.357">
  <properties/>
  <testcase name="testWrongPasswordAuthorization" classname="part1" time="0.357"/>
  <system-out><![CDATA[]]></system-out>
  <system-err><![CDATA[Starting ChromeDriver 104.0.5112.79 (3cf3e8c8a07d104b9e1260c910efb8f383285dc5-refs/branch-heads/5112@{#1307}) on port 64645
Only local connections are allowed.
Please see https://chromedriver.chromium.org/security-considerations for suggestions on keeping ChromeDriver safe.
ChromeDriver was started successfully.
[1661748594.825][INFO]: [001a837059a9d14937c432e6fe73dfbb] COMMAND InitSession {
   "capabilities": {
      "firstMatch": [ {
         "browserName": "chrome",
         "goog:chromeOptions": {
            "args": [ "--window-size=1920,1080" ],
            "extensions": [  ]
         }
      } ]
   },
   "desiredCapabilities": {
      "browserName": "chrome",
      "goog:chromeOptions": {
         "args": [ "--window-size=1920,1080" ],
         "extensions": [  ]
      }
   }
}
[1661748594.827][INFO]: Populating Preferences file: {
   "alternate_error_pages": {
      "enabled": false
   },
   "autofill": {
      "enabled": false
   },
   "browser": {
      "check_default_browser": false
   },
   "distribution": {
      "import_bookmarks": false,
      "import_history": false,
      "import_search_engine": false,
      "make_chrome_default_for_user": false,
      "skip_first_run_ui": true
   },
   "dns_prefetching": {
      "enabled": false
   },
   "profile": {
      "content_settings": {
         "pattern_pairs": {
            "https://*,*": {
               "media-stream": {
                  "audio": "Default",
                  "video": "Default"
               }
            }
         }
      },
      "default_content_setting_values": {
         "geolocation": 1
      },
      "default_content_settings": {
         "geolocation": 1,
         "mouselock": 1,
         "notifications": 1,
         "popups": 1,
         "ppapi-broker": 1
      },
      "password_manager_enabled": false
   },
   "safebrowsing": {
      "enabled": false
   },
   "search": {
      "suggest_enabled": false
   },
   "translate": {
      "enabled": false
   }
}
[1661748594.829][INFO]: Populating Local State file: {
   "background_mode": {
      "enabled": false
   },
   "ssl": {
      "rev_checking": {
         "enabled": false
      }
   }
}
[1661748594.833][INFO]: Launching chrome: "C:\Program Files (x86)\Google\Chrome\Application\chrome.exe" --allow-pre-commit-input --disable-background-networking --disable-backgrounding-occluded-windows --disable-client-side-phishing-detection --disable-default-apps --disable-hang-monitor --disable-popup-blocking --disable-prompt-on-repost --disable-sync --enable-automation --enable-blink-features=ShadowDOMV0 --enable-logging --log-level=0 --no-first-run --no-service-autorun --password-store=basic --remote-debugging-port=0 --test-type=webdriver --use-mock-keychain --user-data-dir="C:\Users\Zver\AppData\Local\Temp\scoped_dir11424_1443752075" --window-size=1920,1080 data:,
[1661748595.299][INFO]: resolved localhost to ["::1","127.0.0.1"]
[1661748595.311][INFO]: [001a837059a9d14937c432e6fe73dfbb] RESPONSE InitSession {
   "capabilities": {
      "acceptInsecureCerts": false,
      "browserName": "chrome",
      "browserVersion": "104.0.5112.102",
      "chrome": {
         "chromedriverVersion": "104.0.5112.79 (3cf3e8c8a07d104b9e1260c910efb8f383285dc5-refs/branch-heads/5112@{#1307})",
         "userDataDir": "C:\\Users\\Zver\\AppData\\Local\\Temp\\scoped_dir11424_1443752075"
      },
      "goog:chromeOptions": {
         "debuggerAddress": "localhost:1108"
      },
      "networkConnectionEnabled": false,
      "pageLoadStrategy": "normal",
      "platformName": "windows",
      "proxy": {
      },
      "setWindowRect": true,
      "strictFileInteractability": false,
      "timeouts": {
         "implicit": 0,
         "pageLoad": 300000,
         "script": 30000
      },
      "unhandledPromptBehavior": "dismiss and notify",
      "webauthn:extension:credBlob": true,
      "webauthn:extension:largeBlob": true,
      "webauthn:virtualAuthenticators": true
   },
   "sessionId": "001a837059a9d14937c432e6fe73dfbb"
}
авг. 29, 2022 7:49:55 AM org.openqa.selenium.remote.ProtocolHandshake createSession
INFO: Detected upstream dialect: W3C
авг. 29, 2022 7:49:55 AM org.openqa.selenium.devtools.CdpVersionFinder findNearestMatch
WARNING: Unable to find an exact match for CDP version 104, so returning the closest version found: 103
авг. 29, 2022 7:49:55 AM org.openqa.selenium.devtools.CdpVersionFinder findNearestMatch
INFO: Found CDP implementation for version 104 of 103
[1661748595.544][INFO]: [001a837059a9d14937c432e6fe73dfbb] COMMAND Navigate {
   "url": "https://www.saucedemo.com/"
}
[1661748595.544][INFO]: Waiting for pending navigations...
[1661748595.547][INFO]: Done waiting for pending navigations. Status: ok
[1661748595.816][INFO]: Waiting for pending navigations...
[1661748596.301][INFO]: Done waiting for pending navigations. Status: ok
[1661748596.301][INFO]: [001a837059a9d14937c432e6fe73dfbb] RESPONSE Navigate
[1661748596.310][INFO]: [001a837059a9d14937c432e6fe73dfbb] COMMAND FindElement {
   "using": "css selector",
   "value": "#user\\-name"
}
[1661748596.310][INFO]: Waiting for pending navigations...
[1661748596.310][INFO]: Done waiting for pending navigations. Status: ok
[1661748596.324][INFO]: Waiting for pending navigations...
[1661748596.325][INFO]: Done waiting for pending navigations. Status: ok
[1661748596.325][INFO]: [001a837059a9d14937c432e6fe73dfbb] RESPONSE FindElement {
   "element-6066-11e4-a52e-4f735466cecf": "7aba215b-90c5-4ea4-92c1-460e552ddb4c"
}
[1661748596.338][INFO]: [001a837059a9d14937c432e6fe73dfbb] COMMAND TypeElement {
   "id": "7aba215b-90c5-4ea4-92c1-460e552ddb4c",
   "text": "standard_user",
   "value": [ "s", "t", "a", "n", "d", "a", "r", "d", "_", "u", "s", "e", "r" ]
}
[1661748596.338][INFO]: Waiting for pending navigations...
[1661748596.339][INFO]: Done waiting for pending navigations. Status: ok
[1661748596.431][INFO]: Waiting for pending navigations...
[1661748596.436][INFO]: Done waiting for pending navigations. Status: ok
[1661748596.436][INFO]: [001a837059a9d14937c432e6fe73dfbb] RESPONSE TypeElement
[1661748596.444][INFO]: [001a837059a9d14937c432e6fe73dfbb] COMMAND FindElement {
   "using": "css selector",
   "value": "#password"
}
[1661748596.444][INFO]: Waiting for pending navigations...
[1661748596.445][INFO]: Done waiting for pending navigations. Status: ok
[1661748596.459][INFO]: Waiting for pending navigations...
[1661748596.460][INFO]: Done waiting for pending navigations. Status: ok
[1661748596.460][INFO]: [001a837059a9d14937c432e6fe73dfbb] RESPONSE FindElement {
   "element-6066-11e4-a52e-4f735466cecf": "a2e0b3b2-ceed-4a9e-b608-60d755365954"
}
[1661748596.468][INFO]: [001a837059a9d14937c432e6fe73dfbb] COMMAND TypeElement {
   "id": "a2e0b3b2-ceed-4a9e-b608-60d755365954",
   "text": "ordinary_sauce",
   "value": [ "o", "r", "d", "i", "n", "a", "r", "y", "_", "s", "a", "u", "c", "e" ]
}
[1661748596.468][INFO]: Waiting for pending navigations...
[1661748596.470][INFO]: Done waiting for pending navigations. Status: ok
[1661748596.558][INFO]: Waiting for pending navigations...
[1661748596.560][INFO]: Done waiting for pending navigations. Status: ok
[1661748596.560][INFO]: [001a837059a9d14937c432e6fe73dfbb] RESPONSE TypeElement
[1661748596.565][INFO]: [001a837059a9d14937c432e6fe73dfbb] COMMAND FindElement {
   "using": "css selector",
   "value": "#login\\-button"
}
[1661748596.565][INFO]: Waiting for pending navigations...
[1661748596.566][INFO]: Done waiting for pending navigations. Status: ok
[1661748596.575][INFO]: Waiting for pending navigations...
[1661748596.575][INFO]: Done waiting for pending navigations. Status: ok
[1661748596.575][INFO]: [001a837059a9d14937c432e6fe73dfbb] RESPONSE FindElement {
   "element-6066-11e4-a52e-4f735466cecf": "f69c9707-3462-4258-a9cd-0d04888486ef"
}
[1661748596.580][INFO]: [001a837059a9d14937c432e6fe73dfbb] COMMAND ClickElement {
   "id": "f69c9707-3462-4258-a9cd-0d04888486ef"
}
[1661748596.580][INFO]: Waiting for pending navigations...
[1661748596.581][INFO]: Done waiting for pending navigations. Status: ok
[1661748596.626][INFO]: Waiting for pending navigations...
[1661748596.626][INFO]: Done waiting for pending navigations. Status: ok
[1661748596.626][INFO]: [001a837059a9d14937c432e6fe73dfbb] RESPONSE ClickElement
[1661748596.632][INFO]: [001a837059a9d14937c432e6fe73dfbb] COMMAND FindElement {
   "using": "xpath",
   "value": "//div[@class='error-message-container error']/h3[contains(text(), 'Username and password do not match')]"
}
[1661748596.632][INFO]: Waiting for pending navigations...
[1661748596.633][INFO]: Done waiting for pending navigations. Status: ok
[1661748596.642][INFO]: Waiting for pending navigations...
[1661748596.643][INFO]: Done waiting for pending navigations. Status: ok
[1661748596.643][INFO]: [001a837059a9d14937c432e6fe73dfbb] RESPONSE FindElement {
   "element-6066-11e4-a52e-4f735466cecf": "3bc784ab-2da8-4f12-af6f-16bfb0fcc4f1"
}
[1661748596.647][INFO]: [001a837059a9d14937c432e6fe73dfbb] COMMAND GetElementText {
   "id": "3bc784ab-2da8-4f12-af6f-16bfb0fcc4f1"
}
[1661748596.647][INFO]: Waiting for pending navigations...
[1661748596.648][INFO]: Done waiting for pending navigations. Status: ok
[1661748596.660][INFO]: Waiting for pending navigations...
[1661748596.660][INFO]: Done waiting for pending navigations. Status: ok
[1661748596.660][INFO]: [001a837059a9d14937c432e6fe73dfbb] RESPONSE GetElementText "Epic sadface: Username and password do not match any user in this service"
[1661748596.673][INFO]: [001a837059a9d14937c432e6fe73dfbb] COMMAND Quit {
}
[1661748596.722][INFO]: [001a837059a9d14937c432e6fe73dfbb] RESPONSE Quit
]]></system-err>
</testsuite>
